mode: set
github.com/skycoin-karl/otc/pkg/currencies/currencies.go:33.24,38.2 1 1
github.com/skycoin-karl/otc/pkg/currencies/currencies.go:40.68,41.32 1 1
github.com/skycoin-karl/otc/pkg/currencies/currencies.go:45.2,47.21 2 1
github.com/skycoin-karl/otc/pkg/currencies/currencies.go:69.2,69.12 1 1
github.com/skycoin-karl/otc/pkg/currencies/currencies.go:41.32,43.3 1 1
github.com/skycoin-karl/otc/pkg/currencies/currencies.go:47.21,55.13 2 1
github.com/skycoin-karl/otc/pkg/currencies/currencies.go:55.13,56.8 1 1
github.com/skycoin-karl/otc/pkg/currencies/currencies.go:56.8,61.19 4 1
github.com/skycoin-karl/otc/pkg/currencies/currencies.go:64.5,64.45 1 0
github.com/skycoin-karl/otc/pkg/currencies/currencies.go:61.19,63.6 1 0
github.com/skycoin-karl/otc/pkg/currencies/currencies.go:72.65,73.32 1 1
github.com/skycoin-karl/otc/pkg/currencies/currencies.go:77.2,77.38 1 1
github.com/skycoin-karl/otc/pkg/currencies/currencies.go:73.32,75.3 1 1
github.com/skycoin-karl/otc/pkg/currencies/currencies.go:80.62,81.41 1 1
github.com/skycoin-karl/otc/pkg/currencies/currencies.go:85.2,85.59 1 1
github.com/skycoin-karl/otc/pkg/currencies/currencies.go:81.41,83.3 1 1
github.com/skycoin-karl/otc/pkg/currencies/currencies.go:88.68,89.36 1 1
github.com/skycoin-karl/otc/pkg/currencies/currencies.go:93.2,93.22 1 1
github.com/skycoin-karl/otc/pkg/currencies/currencies.go:97.2,98.92 2 1
github.com/skycoin-karl/otc/pkg/currencies/currencies.go:89.36,91.3 1 1
github.com/skycoin-karl/otc/pkg/currencies/currencies.go:93.22,95.3 1 1
github.com/skycoin-karl/otc/pkg/currencies/currencies.go:101.90,102.32 1 1
github.com/skycoin-karl/otc/pkg/currencies/currencies.go:106.2,106.17 1 1
github.com/skycoin-karl/otc/pkg/currencies/currencies.go:110.2,110.47 1 1
github.com/skycoin-karl/otc/pkg/currencies/currencies.go:102.32,104.3 1 1
github.com/skycoin-karl/otc/pkg/currencies/currencies.go:106.17,108.3 1 1
github.com/skycoin-karl/otc/pkg/currencies/currencies.go:113.78,114.32 1 1
github.com/skycoin-karl/otc/pkg/currencies/currencies.go:118.2,118.44 1 1
github.com/skycoin-karl/otc/pkg/currencies/currencies.go:114.32,116.3 1 1
github.com/skycoin-karl/otc/pkg/currencies/currencies.go:121.65,122.32 1 1
github.com/skycoin-karl/otc/pkg/currencies/currencies.go:126.2,126.38 1 1
github.com/skycoin-karl/otc/pkg/currencies/currencies.go:122.32,124.3 1 1
github.com/skycoin-karl/otc/pkg/currencies/currencies.go:129.63,130.27 1 1
github.com/skycoin-karl/otc/pkg/currencies/currencies.go:134.2,135.19 2 1
github.com/skycoin-karl/otc/pkg/currencies/currencies.go:130.27,132.3 1 1
github.com/skycoin-karl/otc/pkg/currencies/currencies.go:138.64,139.27 1 1
github.com/skycoin-karl/otc/pkg/currencies/currencies.go:143.2,144.20 2 1
github.com/skycoin-karl/otc/pkg/currencies/currencies.go:139.27,141.3 1 1
github.com/skycoin-karl/otc/pkg/currencies/price.go:15.37,20.2 1 1
github.com/skycoin-karl/otc/pkg/currencies/price.go:22.43,27.2 3 1
github.com/skycoin-karl/otc/pkg/currencies/price.go:29.36,35.2 4 1
github.com/skycoin-karl/otc/pkg/currencies/pricer.go:22.38,27.2 3 1
github.com/skycoin-karl/otc/pkg/currencies/pricer.go:29.37,34.2 3 1
github.com/skycoin-karl/otc/pkg/currencies/pricer.go:36.57,40.31 3 1
github.com/skycoin-karl/otc/pkg/currencies/pricer.go:44.2,45.32 2 1
github.com/skycoin-karl/otc/pkg/currencies/pricer.go:40.31,42.3 1 1
github.com/skycoin-karl/otc/pkg/currencies/pricer.go:48.47,52.25 3 1
github.com/skycoin-karl/otc/pkg/currencies/pricer.go:57.2,57.21 1 1
github.com/skycoin-karl/otc/pkg/currencies/pricer.go:52.25,55.3 2 1
